
Showing logs for build [32mcb-kubecd-environment-pr-203-5-w9c6j-1[0m stage [32mfrom-build-pack[0m and container [32mstep-credential-initializer-nc2ct[0m
{"level":"info","ts":1587058657.2849402,"logger":"fallback-logger","caller":"logging/config.go:69","msg":"Fetch GitHub commit ID from kodata failed: open /var/run/ko/refs/heads/0.8.0-ns-support: no such file or directory"}
{"level":"info","ts":1587058657.2856154,"logger":"fallback-logger","caller":"creds-init/main.go:40","msg":"Credentials initialized."}

Showing logs for build [32mcb-kubecd-environment-pr-203-5-w9c6j-1[0m stage [32mfrom-build-pack[0m and container [32mstep-working-dir-initializer-jtgnm[0m
{"level":"info","ts":1587058658.0684607,"logger":"fallback-logger","caller":"logging/config.go:69","msg":"Fetch GitHub commit ID from kodata failed: open /var/run/ko/HEAD: no such file or directory"}
{"level":"info","ts":1587058658.070319,"logger":"fallback-logger","caller":"bash/main.go:64","msg":"Successfully executed command \"sh -c mkdir -p /workspace/source\"; output "}

Showing logs for build [32mcb-kubecd-environment-pr-203-5-w9c6j-1[0m stage [32mfrom-build-pack[0m and container [32mstep-place-tools[0m

Showing logs for build [32mcb-kubecd-environment-pr-203-5-w9c6j-1[0m stage [32mfrom-build-pack[0m and container [32mstep-git-source-cb-kubecd-environment-pr-203-5-w9c6j-rqvpv[0m
{"level":"info","ts":1587058662.1756835,"logger":"fallback-logger","caller":"logging/config.go:69","msg":"Fetch GitHub commit ID from kodata failed: open /var/run/ko/refs/heads/0.8.0-ns-support: no such file or directory"}
{"level":"info","ts":1587058663.2543716,"logger":"fallback-logger","caller":"git/git.go:103","msg":"Successfully cloned https://github.com/cb-kubecd/environment-pr-203-5-boot-gke-staging.git @ master in path /workspace/source"}

Showing logs for build [32mcb-kubecd-environment-pr-203-5-w9c6j-1[0m stage [32mfrom-build-pack[0m and container [32mstep-git-merge[0m
Using SHAs from PULL_REFS=master:5adbed34d747e19ab4b9b35ea87e4e4f123b14e6,6:b6421fc81e872909459b3b40948df9aa3be23ce2
DEBUG: LC_ALL=C JX_LOG_LEVEL=error git fetch origin --unshallow b6421fc81e872909459b3b40948df9aa3be23ce2: 5adbed34d747e19ab4b9b35ea87e4e4f123b14e6:
DEBUG: ran git fetch --unshallow origin b6421fc81e872909459b3b40948df9aa3be23ce2: 5adbed34d747e19ab4b9b35ea87e4e4f123b14e6: in 
DEBUG: JX_LOG_LEVEL=error LC_ALL=C git branch
DEBUG: LC_ALL=C JX_LOG_LEVEL=error git checkout master
DEBUG: ran git checkout master in 
DEBUG: LC_ALL=C JX_LOG_LEVEL=error git reset --hard 5adbed34d747e19ab4b9b35ea87e4e4f123b14e6
DEBUG: ran git reset --hard 5adbed34d747e19ab4b9b35ea87e4e4f123b14e6 in 
DEBUG: LC_ALL=C JX_LOG_LEVEL=error git clean -fd .
DEBUG: ran clean --force -d . in 
DEBUG: LC_ALL=C JX_LOG_LEVEL=error git merge b6421fc81e872909459b3b40948df9aa3be23ce2
DEBUG: ran git merge b6421fc81e872909459b3b40948df9aa3be23ce2 in 
DEBUG: LC_ALL=C JX_LOG_LEVEL=error git log --format=%H%x1f%an%x1f%ae%x1f%cn%x1f%ce%x1f%s%n%b%x1e 5adbed34d747e19ab4b9b35ea87e4e4f123b14e6..HEAD
Merged SHA b6421fc81e872909459b3b40948df9aa3be23ce2 with commit message 'chore: Promote bdd-sbhg-import-1587057925 to version 0.0.1' into base branch master

Showing logs for build [32mcb-kubecd-environment-pr-203-5-w9c6j-1[0m stage [32mfrom-build-pack[0m and container [32mstep-build-helm-build[0m
WARNING: No $CHART_REPOSITORY defined so using the default value of: http://jenkins-x-chartmuseum:8080
Adding missing Helm repo: storage.googleapis.com https://storage.googleapis.com/chartmuseum.jenkins-x.io
WARNING: No secrets found on "helm/repos" due: reading the secret "helm/repos" from vault: no secret "helm/repos" not found in vault
Read credentials for https://storage.googleapis.com/chartmuseum.jenkins-x.io from vault helm/repos
Successfully added Helm repository storage.googleapis.com.
Adding missing Helm repo: jenkins-x-chartmuseum http://jenkins-x-chartmuseum:8080
WARNING: No secrets found on "helm/repos" due: reading the secret "helm/repos" from vault: no secret "helm/repos" not found in vault
Read credentials for http://jenkins-x-chartmuseum:8080 from vault helm/repos
Successfully added Helm repository jenkins-x-chartmuseum.
WARNING: No $CHART_REPOSITORY defined so using the default value of: http://jenkins-x-chartmuseum:8080
Adding missing Helm repo: chartmuseum.jenkins-x.io http://chartmuseum.jenkins-x.io
WARNING: No secrets found on "helm/repos" due: reading the secret "helm/repos" from vault: no secret "helm/repos" not found in vault
Read credentials for http://chartmuseum.jenkins-x.io from vault helm/repos
Successfully added Helm repository chartmuseum.jenkins-x.io.
