
Showing logs for build [32mcb-kubecd-environment-pr-203-5-2jwdg-1[0m stage [32mfrom-build-pack[0m and container [32mstep-credential-initializer-w68vx[0m
{"level":"info","ts":1587058896.0159998,"logger":"fallback-logger","caller":"logging/config.go:69","msg":"Fetch GitHub commit ID from kodata failed: open /var/run/ko/refs/heads/0.8.0-ns-support: no such file or directory"}
{"level":"info","ts":1587058896.0169446,"logger":"fallback-logger","caller":"creds-init/main.go:40","msg":"Credentials initialized."}

Showing logs for build [32mcb-kubecd-environment-pr-203-5-2jwdg-1[0m stage [32mfrom-build-pack[0m and container [32mstep-working-dir-initializer-wlzsd[0m
{"level":"info","ts":1587058896.4429805,"logger":"fallback-logger","caller":"logging/config.go:69","msg":"Fetch GitHub commit ID from kodata failed: open /var/run/ko/HEAD: no such file or directory"}
{"level":"info","ts":1587058896.445404,"logger":"fallback-logger","caller":"bash/main.go:64","msg":"Successfully executed command \"sh -c mkdir -p /workspace/source\"; output "}

Showing logs for build [32mcb-kubecd-environment-pr-203-5-2jwdg-1[0m stage [32mfrom-build-pack[0m and container [32mstep-place-tools[0m

Showing logs for build [32mcb-kubecd-environment-pr-203-5-2jwdg-1[0m stage [32mfrom-build-pack[0m and container [32mstep-git-source-cb-kubecd-environment-pr-203-5-2jwdg-qw9jq[0m
{"level":"info","ts":1587058901.6023557,"logger":"fallback-logger","caller":"logging/config.go:69","msg":"Fetch GitHub commit ID from kodata failed: open /var/run/ko/refs/heads/0.8.0-ns-support: no such file or directory"}
{"level":"info","ts":1587058902.6690698,"logger":"fallback-logger","caller":"git/git.go:103","msg":"Successfully cloned https://github.com/cb-kubecd/environment-pr-203-5-boot-gke-staging.git @ master in path /workspace/source"}

Showing logs for build [32mcb-kubecd-environment-pr-203-5-2jwdg-1[0m stage [32mfrom-build-pack[0m and container [32mstep-git-merge[0m
Using SHAs from PULL_REFS=master:5adbed34d747e19ab4b9b35ea87e4e4f123b14e6,7:de58a4395b0a0fef802a3cc2a8f9a62811dd5932
DEBUG: LC_ALL=C JX_LOG_LEVEL=error git fetch origin --unshallow de58a4395b0a0fef802a3cc2a8f9a62811dd5932: 5adbed34d747e19ab4b9b35ea87e4e4f123b14e6:
DEBUG: ran git fetch --unshallow origin de58a4395b0a0fef802a3cc2a8f9a62811dd5932: 5adbed34d747e19ab4b9b35ea87e4e4f123b14e6: in 
DEBUG: LC_ALL=C JX_LOG_LEVEL=error git branch
DEBUG: LC_ALL=C JX_LOG_LEVEL=error git checkout master
DEBUG: ran git checkout master in 
DEBUG: LC_ALL=C JX_LOG_LEVEL=error git reset --hard 5adbed34d747e19ab4b9b35ea87e4e4f123b14e6
DEBUG: ran git reset --hard 5adbed34d747e19ab4b9b35ea87e4e4f123b14e6 in 
DEBUG: LC_ALL=C JX_LOG_LEVEL=error git clean -fd .
DEBUG: ran clean --force -d . in 
DEBUG: JX_LOG_LEVEL=error LC_ALL=C git merge de58a4395b0a0fef802a3cc2a8f9a62811dd5932
DEBUG: ran git merge de58a4395b0a0fef802a3cc2a8f9a62811dd5932 in 
DEBUG: LC_ALL=C JX_LOG_LEVEL=error git log --format=%H%x1f%an%x1f%ae%x1f%cn%x1f%ce%x1f%s%n%b%x1e 5adbed34d747e19ab4b9b35ea87e4e4f123b14e6..HEAD
Merged SHA de58a4395b0a0fef802a3cc2a8f9a62811dd5932 with commit message 'chore: Promote bdd-sbrp-import-1587057925 to version 0.0.1' into base branch master

Showing logs for build [32mcb-kubecd-environment-pr-203-5-2jwdg-1[0m stage [32mfrom-build-pack[0m and container [32mstep-build-helm-build[0m
WARNING: No $CHART_REPOSITORY defined so using the default value of: http://jenkins-x-chartmuseum:8080
Adding missing Helm repo: storage.googleapis.com https://storage.googleapis.com/chartmuseum.jenkins-x.io
WARNING: No secrets found on "helm/repos" due: reading the secret "helm/repos" from vault: no secret "helm/repos" not found in vault
Read credentials for https://storage.googleapis.com/chartmuseum.jenkins-x.io from vault helm/repos
Successfully added Helm repository storage.googleapis.com.
Adding missing Helm repo: jenkins-x-chartmuseum http://jenkins-x-chartmuseum:8080
WARNING: No secrets found on "helm/repos" due: reading the secret "helm/repos" from vault: no secret "helm/repos" not found in vault
Read credentials for http://jenkins-x-chartmuseum:8080 from vault helm/repos
Successfully added Helm repository jenkins-x-chartmuseum.
WARNING: No $CHART_REPOSITORY defined so using the default value of: http://jenkins-x-chartmuseum:8080
Adding missing Helm repo: chartmuseum.jenkins-x.io http://chartmuseum.jenkins-x.io
WARNING: No secrets found on "helm/repos" due: reading the secret "helm/repos" from vault: no secret "helm/repos" not found in vault
Read credentials for http://chartmuseum.jenkins-x.io from vault helm/repos
Successfully added Helm repository chartmuseum.jenkins-x.io.
