
Showing logs for build [32mcb-kubecd-environment-pr-203-5-pgkct-1[0m stage [32mfrom-build-pack[0m and container [32mstep-credential-initializer-j9bff[0m
{"level":"info","ts":1587059318.7565987,"logger":"fallback-logger","caller":"logging/config.go:69","msg":"Fetch GitHub commit ID from kodata failed: open /var/run/ko/refs/heads/0.8.0-ns-support: no such file or directory"}
{"level":"info","ts":1587059318.7572265,"logger":"fallback-logger","caller":"creds-init/main.go:40","msg":"Credentials initialized."}

Showing logs for build [32mcb-kubecd-environment-pr-203-5-pgkct-1[0m stage [32mfrom-build-pack[0m and container [32mstep-working-dir-initializer-z75jf[0m
{"level":"info","ts":1587059319.790866,"logger":"fallback-logger","caller":"logging/config.go:69","msg":"Fetch GitHub commit ID from kodata failed: open /var/run/ko/HEAD: no such file or directory"}
{"level":"info","ts":1587059319.7925937,"logger":"fallback-logger","caller":"bash/main.go:64","msg":"Successfully executed command \"sh -c mkdir -p /workspace/source\"; output "}

Showing logs for build [32mcb-kubecd-environment-pr-203-5-pgkct-1[0m stage [32mfrom-build-pack[0m and container [32mstep-place-tools[0m

Showing logs for build [32mcb-kubecd-environment-pr-203-5-pgkct-1[0m stage [32mfrom-build-pack[0m and container [32mstep-git-source-cb-kubecd-environment-pr-203-5-pgkct-w2g5r[0m
{"level":"info","ts":1587059322.9727476,"logger":"fallback-logger","caller":"logging/config.go:69","msg":"Fetch GitHub commit ID from kodata failed: open /var/run/ko/refs/heads/0.8.0-ns-support: no such file or directory"}
{"level":"info","ts":1587059324.0447457,"logger":"fallback-logger","caller":"git/git.go:103","msg":"Successfully cloned https://github.com/cb-kubecd/environment-pr-203-5-boot-gke-staging.git @ master in path /workspace/source"}

Showing logs for build [32mcb-kubecd-environment-pr-203-5-pgkct-1[0m stage [32mfrom-build-pack[0m and container [32mstep-git-merge[0m
Using SHAs from PULL_REFS=master:28ce2e91740834868c6e8a548f2a9fec3169b208,8:dc0cb99a9c683b21e7152a6ed2bfec1afabc1b78
DEBUG: LC_ALL=C JX_LOG_LEVEL=error git fetch origin --unshallow dc0cb99a9c683b21e7152a6ed2bfec1afabc1b78: 28ce2e91740834868c6e8a548f2a9fec3169b208:
DEBUG: ran git fetch --unshallow origin dc0cb99a9c683b21e7152a6ed2bfec1afabc1b78: 28ce2e91740834868c6e8a548f2a9fec3169b208: in 
DEBUG: LC_ALL=C JX_LOG_LEVEL=error git branch
DEBUG: LC_ALL=C JX_LOG_LEVEL=error git checkout master
DEBUG: ran git checkout master in 
DEBUG: LC_ALL=C JX_LOG_LEVEL=error git reset --hard 28ce2e91740834868c6e8a548f2a9fec3169b208
DEBUG: ran git reset --hard 28ce2e91740834868c6e8a548f2a9fec3169b208 in 
DEBUG: LC_ALL=C JX_LOG_LEVEL=error git clean -fd .
DEBUG: ran clean --force -d . in 
DEBUG: LC_ALL=C JX_LOG_LEVEL=error git merge dc0cb99a9c683b21e7152a6ed2bfec1afabc1b78
DEBUG: ran git merge dc0cb99a9c683b21e7152a6ed2bfec1afabc1b78 in 
DEBUG: LC_ALL=C JX_LOG_LEVEL=error git log --format=%H%x1f%an%x1f%ae%x1f%cn%x1f%ce%x1f%s%n%b%x1e 28ce2e91740834868c6e8a548f2a9fec3169b208..HEAD
Merged SHA dc0cb99a9c683b21e7152a6ed2bfec1afabc1b78 with commit message 'chore: Promote bdd-nh-import-1587057925 to version 0.0.1' into base branch master

Showing logs for build [32mcb-kubecd-environment-pr-203-5-pgkct-1[0m stage [32mfrom-build-pack[0m and container [32mstep-build-helm-build[0m
WARNING: No $CHART_REPOSITORY defined so using the default value of: http://jenkins-x-chartmuseum:8080
Adding missing Helm repo: storage.googleapis.com https://storage.googleapis.com/chartmuseum.jenkins-x.io
WARNING: No secrets found on "helm/repos" due: reading the secret "helm/repos" from vault: no secret "helm/repos" not found in vault
Read credentials for https://storage.googleapis.com/chartmuseum.jenkins-x.io from vault helm/repos
Successfully added Helm repository storage.googleapis.com.
Adding missing Helm repo: jenkins-x-chartmuseum http://jenkins-x-chartmuseum:8080
WARNING: No secrets found on "helm/repos" due: reading the secret "helm/repos" from vault: no secret "helm/repos" not found in vault
Read credentials for http://jenkins-x-chartmuseum:8080 from vault helm/repos
Successfully added Helm repository jenkins-x-chartmuseum.
WARNING: No $CHART_REPOSITORY defined so using the default value of: http://jenkins-x-chartmuseum:8080
Adding missing Helm repo: chartmuseum.jenkins-x.io http://chartmuseum.jenkins-x.io
WARNING: No secrets found on "helm/repos" due: reading the secret "helm/repos" from vault: no secret "helm/repos" not found in vault
Read credentials for http://chartmuseum.jenkins-x.io from vault helm/repos
Successfully added Helm repository chartmuseum.jenkins-x.io.
